SF:lib/application/state/http_client.dart
DA:4,0
LF:1
LH:0
end_of_record
SF:lib/application/state/them_model.dart
DA:4,3
LF:1
LH:1
end_of_record
SF:lib/domain/types/repo_model.dart
DA:12,0
DA:13,0
DA:14,0
DA:15,0
DA:16,0
LF:5
LH:0
end_of_record
SF:lib/presentation/theme/them_data/dark_them.dart
DA:5,0
DA:7,0
DA:18,0
DA:25,0
DA:26,0
LF:5
LH:0
end_of_record
SF:lib/presentation/widget/repo_list.dart
DA:20,0
DA:25,0
DA:26,0
DA:27,0
DA:29,0
DA:30,0
DA:33,0
DA:34,0
DA:35,0
DA:36,0
DA:37,0
DA:38,0
DA:39,0
DA:40,0
DA:44,0
DA:45,0
DA:46,0
DA:47,0
DA:48,0
DA:49,0
DA:51,0
DA:53,0
DA:54,0
DA:57,0
DA:59,0
DA:60,0
DA:61,0
DA:65,0
DA:66,0
DA:71,0
DA:82,0
DA:83,0
DA:85,0
DA:86,0
DA:90,0
DA:91,0
DA:92,0
DA:93,0
DA:94,0
DA:95,0
LF:40
LH:0
end_of_record
SF:lib/presentation/widget/search_app_bar.dart
DA:12,0
DA:14,0
DA:16,0
DA:18,0
DA:19,0
DA:20,0
DA:22,0
DA:23,0
DA:24,0
DA:26,0
DA:29,0
DA:32,0
DA:33,0
DA:37,0
DA:38,0
DA:44,0
DA:46,0
DA:47,0
DA:48,0
LF:19
LH:0
end_of_record
SF:lib/application/di/usecase_di.dart
DA:21,0
DA:22,0
DA:23,0
DA:24,0
DA:25,0
DA:26,0
DA:30,0
DA:31,0
DA:32,0
DA:33,0
DA:34,0
DA:35,0
DA:45,0
DA:46,0
DA:47,0
DA:48,0
DA:49,0
DA:50,0
DA:51,0
DA:52,0
DA:53,0
DA:54,0
DA:66,0
DA:67,0
DA:68,0
DA:69,0
DA:70,0
DA:71,0
DA:72,0
DA:73,0
DA:83,0
DA:84,0
DA:85,0
DA:86,0
DA:87,0
DA:88,0
DA:89,0
DA:90,0
DA:91,0
DA:104,0
DA:105,0
DA:106,0
DA:107,0
DA:115,0
DA:116,0
DA:117,0
DA:118,0
DA:119,0
DA:120,0
DA:121,0
DA:122,0
LF:51
LH:0
end_of_record
SF:lib/application/state/page/page.dart
DA:6,0
DA:11,0
DA:12,0
DA:15,0
DA:16,0
LF:5
LH:0
end_of_record
SF:lib/application/state/page/page.g.dart
DA:9,0
DA:13,0
LF:2
LH:0
end_of_record
SF:lib/application/state/repo/repo_provider.dart
DA:6,0
DA:7,0
DA:11,0
DA:12,0
LF:4
LH:0
end_of_record
SF:lib/application/state/search/search.dart
DA:5,0
DA:10,0
DA:11,0
DA:13,0
DA:14,0
LF:5
LH:0
end_of_record
SF:lib/application/state/search/search.g.dart
DA:9,0
DA:13,0
DA:14,0
LF:3
LH:0
end_of_record
SF:lib/application/state/sort/sort.dart
DA:6,0
DA:10,0
DA:11,0
DA:13,0
DA:14,0
LF:5
LH:0
end_of_record
SF:lib/application/state/sort/sort.g.dart
DA:9,0
DA:13,0
LF:2
LH:0
end_of_record
SF:lib/application/usecase/add_usecase.dart
DA:11,0
DA:25,0
DA:27,0
DA:29,0
DA:31,0
DA:33,0
DA:34,0
DA:35,0
LF:8
LH:0
end_of_record
SF:lib/application/usecase/detail_usecase.dart
DA:6,0
DA:13,0
DA:16,0
DA:18,0
DA:19,0
DA:21,0
LF:6
LH:0
end_of_record
SF:lib/application/usecase/refresh_usecase.dart
DA:12,0
DA:28,0
DA:30,0
DA:32,0
DA:34,0
DA:36,0
DA:38,0
LF:7
LH:0
end_of_record
SF:lib/application/usecase/search_usecase.dart
DA:12,0
DA:31,0
DA:33,0
DA:35,0
DA:37,0
DA:39,0
DA:42,0
DA:43,0
DA:44,0
LF:9
LH:0
end_of_record
SF:lib/application/usecase/sort_usecase.dart
DA:13,0
DA:29,0
DA:31,0
DA:33,0
DA:35,0
DA:37,0
DA:38,0
DA:39,0
LF:8
LH:0
end_of_record
SF:lib/application/usecase/test_usecase.dart
DA:17,0
DA:33,0
DA:34,0
DA:36,0
DA:38,0
DA:40,0
DA:42,0
DA:43,0
LF:8
LH:0
end_of_record
SF:lib/domain/types/item_model.dart
DA:19,0
DA:20,0
DA:21,0
DA:22,0
DA:23,0
DA:24,0
DA:25,0
DA:27,0
DA:28,0
DA:29,0
LF:10
LH:0
end_of_record
SF:lib/infrastructure/repo/repo.dart
DA:20,0
DA:22,0
DA:24,0
DA:25,0
DA:26,0
DA:27,0
DA:28,0
DA:29,0
DA:32,0
DA:35,0
DA:37,0
DA:38,0
DA:39,0
DA:40,0
DA:41,0
DA:42,0
DA:43,0
DA:46,0
DA:49,0
DA:52,0
DA:53,0
DA:54,0
DA:55,0
DA:56,0
DA:59,0
DA:62,0
DA:66,0
DA:67,0
DA:68,0
DA:69,0
DA:70,0
DA:73,0
DA:76,0
DA:78,0
DA:79,0
DA:80,0
DA:81,0
DA:82,0
DA:85,0
LF:39
LH:0
end_of_record
SF:lib/application/state/repo/repo_notifier.dart
DA:8,0
DA:10,0
DA:11,0
DA:14,0
DA:15,0
DA:16,0
DA:18,0
DA:19,0
DA:20,0
DA:21,0
DA:24,0
DA:27,0
DA:28,0
DA:32,0
DA:33,0
DA:35,0
DA:36,0
DA:41,0
DA:42,0
DA:43,0
LF:20
LH:0
end_of_record
SF:lib/domain/types/owner_model.dart
DA:9,0
DA:10,0
DA:11,0
DA:12,0
LF:4
LH:0
end_of_record
SF:lib/presentation/theme/fonts.dart
DA:30,0
LF:1
LH:0
end_of_record
SF:lib/presentation/widget/custom_drop_down.dart
DA:14,0
DA:16,0
DA:18,0
DA:19,0
DA:20,0
DA:21,0
DA:23,0
DA:24,0
DA:28,0
DA:30,0
DA:31,0
DA:35,0
DA:37,0
DA:38,0
DA:42,0
DA:44,0
DA:45,0
DA:49,0
DA:51,0
DA:52,0
DA:58,0
DA:61,0
DA:63,0
DA:64,0
DA:67,0
LF:25
LH:0
end_of_record
SF:lib/application/state/l10n/applocalizatons_provider.dart
DA:5,0
DA:6,0
DA:7,0
LF:3
LH:0
end_of_record
SF:lib/presentation/widget/custom_gesture_detector.dart
DA:8,0
DA:16,0
DA:18,0
DA:19,0
DA:20,0
DA:21,0
DA:23,0
DA:25,0
DA:28,0
DA:29,0
DA:30,0
DA:34,0
DA:37,0
DA:38,0
DA:42,0
DA:45,0
DA:47,0
DA:51,0
DA:52,0
DA:56,0
DA:62,0
DA:63,0
LF:22
LH:0
end_of_record
SF:lib/presentation/widget/custom_text.dart
DA:8,0
DA:10,0
DA:12,0
DA:13,0
DA:14,0
DA:15,0
LF:6
LH:0
end_of_record
SF:lib/application/state/l10n/locate.dart
DA:6,0
DA:10,0
DA:11,0
LF:3
LH:0
end_of_record
SF:lib/application/state/l10n/locate.g.dart
DA:9,0
DA:13,0
DA:14,0
LF:3
LH:0
end_of_record
